COMMODITY PURCHASED:
You have purchased 1 tons of Biowaste at Not setcr per ton.  Total cost: 16cr.
--------
COMMODITY SOLD:
Commodity: Biowaste
Amount: 2 tons
Price per unit: 12cr
Profit per unit: -4cr
Transaction total: 14cr
Total profit: Not setcr
Stolen: Not set
Illegal: Not set
--------
LOGGED IN AT 14:54 ON January 21, 2017:
Welcome back, Cmdr. EclipzeX.  
You have logged into Solo mode.
You are currently piloting your Asp Explorer named Betsy.  
You have 270274957cr.
--------
PROGRESS REPORT:
Combat: 12%
Trade: 12%
Exploration: 52%
Federation: 100%
Empire: 0%
Arena: 0%
--------
COMMODITY PURCHASED:
You have purchased 1 tons of Biowaste at Not setcr per ton.  Total cost: 16cr.
--------
COMMODITY SOLD:
Commodity: Biowaste
Amount: 1 tons
Price per unit: 12cr
Profit per unit: -4cr
Transaction total: 13cr
Total profit: Not setcr
Stolen: Not set
Illegal: Not set
--------
