COMMODITY PURCHASED:
You have purchased 1 tons of Biowaste at Not setcr per ton.  Total cost: 16cr.
--------
COMMODITY SOLD:
Commodity: Biowaste
Amount: 2 tons
Price per unit: 12cr
Profit per unit: -4cr
Transaction total: 14cr
Total profit: Not setcr
Stolen: Not set
Illegal: Not set
--------
LOGGED IN AT 14:54 ON January 21, 2017:
Welcome back, Cmdr. EclipzeX.  
You have logged into Solo mode.
You are currently piloting your Asp Explorer named Betsy.  
You have 270274957cr.
--------
PROGRESS REPORT:
Combat: 12%
Trade: 12%
Exploration: 52%
Federation: 100%
Empire: 0%
Arena: 0%
--------
COMMODITY PURCHASED:
You have purchased 1 tons of Biowaste at Not setcr per ton.  Total cost: 16cr.
--------
COMMODITY SOLD:
Commodity: Biowaste
Amount: 1 tons
Price per unit: 12cr
Profit per unit: -4cr
Transaction total: 13cr
Total profit: Not setcr
Stolen: Not set
Illegal: Not set
--------
COMMODITY PURCHASED:
You have purchased 1 tons of Biowaste at Not setcr per ton.  Total cost: 16cr.
--------
COMMODITY SOLD:
Commodity: Biowaste
Amount: 1 tons
Price per unit: 12cr
Profit per unit: -4cr
Transaction total: 13cr
Total profit: Not setcr
Stolen: Not set
Illegal: Not set
--------
SHIP REFUELED:
You purchased 0.21 tons of fuel for 11cr.
--------
COMPONENT REPAIRED:
You repaired your Not set for a cost of 71cr.
--------
UNDOCKED:
You have undocked from Not set.
--------
JUMPING:
You are jumping to the Candjinan system.
Coordinates: -143.25,30.938,-68.688
--------
JUMPED: 
You have jumped into the Candjinan system.

Coordinates: -143.25,30.938,-68.688
Security: None
Economy: Terraforming
Government: Anarchy
Allegiance: Independent
Controlling Faction: Candjinan Purple Drug Empire
Faction state: None

This jump used 4.65 tons of fuel.  You have 85.47% fuel remaining.
Your fuel level is adequate.
--------
SHIP REFUELED:
You scooped 4.65 tons of fuel.  Your fuel level is 100.00%.
--------
JUMPING:
You are jumping to the Col 285 Sector GD-G b12-0 system.
Coordinates: -125.094,35.5,-93.281
--------
JUMPED: 
You have jumped into the Col 285 Sector GD-G b12-0 system.

Coordinates: -125.094,35.5,-93.281
Security: Low
Economy: None
Government: None
Allegiance: None
Controlling Faction: Not set
Faction state: None

This jump used 4.09 tons of fuel.  You have 87.22% fuel remaining.
Your fuel level is adequate.
--------
SHIP REFUELED:
You scooped 4.09 tons of fuel.  Your fuel level is 100.00%.
--------
JUMPING:
You are jumping to the Lyncis Sector HR-W c1-20 system.
Coordinates: -101.125,36.75,-114.25
--------
JUMPED: 
You have jumped into the Lyncis Sector HR-W c1-20 system.

Coordinates: -101.125,36.75,-114.25
Security: Low
Economy: None
Government: None
Allegiance: None
Controlling Faction: Not set
Faction state: None

This jump used 4.41 tons of fuel.  You have 86.22% fuel remaining.
Your fuel level is adequate.
--------
SHIP REFUELED:
You scooped 3.72 tons of fuel.  Your fuel level is 97.84%.
--------
JUMPING:
You are jumping to the HIP 25414 system.
Coordinates: -70.281,37.438,-125.313
--------
JUMPED: 
You have jumped into the HIP 25414 system.

Coordinates: -70.281,37.438,-125.313
Security: Low
Economy: None
Government: None
Allegiance: None
Controlling Faction: Not set
Faction state: None

This jump used 4.70 tons of fuel.  You have 83.15% fuel remaining.
Your fuel level is adequate.
--------
SHIP REFUELED:
You scooped 5.39 tons of fuel.  Your fuel level is 100.00%.
--------
BODY SCANNED:
Scan results for HIP 25414 A 1:
Class: Sudarsky class III gas giant
Distance from arrival: 532.92 ls
Atmosphere: 
Surface Gravity: 5.72G
Surface Temperature: 192.30 °F
Tidally Locked: False
Terraform State: 
Landable: False
Volcanism: 
Eccentricity: 0.0005
Orbital Inclination: -0.03°
Orbital Period: 409.54 days
Rotational Period: 3.62 days
Periapsis: 321.50°
Pressure: 0 atm
Semi-major axis: 1.07 AU
---------
BODY SCANNED:
Scan results for HIP 25414 A 2:
Class: Sudarsky class III gas giant
Distance from arrival: 737.96 ls
Atmosphere: 
Surface Gravity: 8.26G
Surface Temperature: 270.95 °F
Tidally Locked: False
Terraform State: 
Landable: False
Volcanism: 
Eccentricity: 0.0129
Orbital Inclination: 0.55°
Orbital Period: 210.85 days
Rotational Period: 0.58 days
Periapsis: 89.97°
Pressure: 0 atm
Semi-major axis: 0.00 AU
---------
JUMPING:
You are jumping to the Khowa system.
Coordinates: -49.25,51.313,-140.938
--------
JUMPED: 
You have jumped into the Khowa system.

Coordinates: -49.25,51.313,-140.938
Security: Low
Economy: Colony
Government: Confederacy
Allegiance: Federation
Controlling Faction: Union of Khowa Coalition
Faction state: Boom

This jump used 3.69 tons of fuel.  You have 88.46% fuel remaining.
Your fuel level is adequate.
--------
SHIP REFUELED:
You scooped 3.69 tons of fuel.  Your fuel level is 100.00%.
--------
JUMPING:
You are jumping to the HIP 33368 system.
Coordinates: -29.25,63.188,-163.344
--------
JUMPED: 
You have jumped into the HIP 33368 system.

Coordinates: -29.25,63.188,-163.344
Security: Medium
Economy: Industrial
Government: Confederacy
Allegiance: Independent
Controlling Faction: Privateer's Alliance
Faction state: Boom

This jump used 4.55 tons of fuel.  You have 85.77% fuel remaining.
Your fuel level is adequate.
--------
SHIP REFUELED:
You scooped 2.82 tons of fuel.  Your fuel level is 94.57%.
--------
DROPPED TO NORMAL SPACE:
You have returned to normal space near Station Barjavel Station in the HIP 33368 system.
--------
DOCKING REQUEST:
Docking request for Barjavel Station sent.
--------
DOCKING REQUEST GRANTED:
Your request to dock at Barjavel Station has been approved.  Please proceed to landing pad 8.
--------
DOCKED:
Station: Barjavel Station (Coriolis)
System: HIP 33368
Economy: Industrial
Faction: Privateer's Alliance
Faction state: Boom
Government: Confederacy
--------
SHIP REFUELED:
You purchased 2.01 tons of fuel for 101cr.
--------
COMPONENT REPAIRED:
You repaired your Not set for a cost of 541cr.
--------
SHIP TRANSFER INITIATED:
You are transferring your Fer-de-Lance from Wolf 397 to Barjavel Station.
Distance: 168.64888 ly
Cost: 1245367cr
--------
UNDOCKED:
You have undocked from Not set.
--------
DOCKING REQUEST:
Docking request for Barjavel Station sent.
--------
DOCKING REQUEST GRANTED:
Your request to dock at Barjavel Station has been approved.  Please proceed to landing pad 18.
--------
DOCKING REQUEST RETRACTED:
You have cancelled your docking request to Barjavel Station.
--------
DOCKING REQUEST:
Docking request for Barjavel Station sent.
--------
DOCKING REQUEST GRANTED:
Your request to dock at Barjavel Station has been approved.  Please proceed to landing pad 37.
--------
DOCKING REQUEST RETRACTED:
You have cancelled your docking request to Barjavel Station.
--------
DOCKING REQUEST:
Docking request for Barjavel Station sent.
--------
DOCKING REQUEST GRANTED:
Your request to dock at Barjavel Station has been approved.  Please proceed to landing pad 11.
--------
DOCKING REQUEST RETRACTED:
You have cancelled your docking request to Barjavel Station.
--------
DOCKING REQUEST:
Docking request for Barjavel Station sent.
--------
DOCKING REQUEST GRANTED:
Your request to dock at Barjavel Station has been approved.  Please proceed to landing pad 20.
--------
DOCKING REQUEST RETRACTED:
You have cancelled your docking request to Barjavel Station.
--------
DOCKING REQUEST:
Docking request for Barjavel Station sent.
--------
DOCKING REQUEST GRANTED:
Your request to dock at Barjavel Station has been approved.  Please proceed to landing pad 11.
--------
DOCKING REQUEST RETRACTED:
You have cancelled your docking request to Barjavel Station.
--------
DOCKING REQUEST:
Docking request for Barjavel Station sent.
--------
DOCKING REQUEST GRANTED:
Your request to dock at Barjavel Station has been approved.  Please proceed to landing pad 5.
--------
DOCKING REQUEST RETRACTED:
You have cancelled your docking request to Barjavel Station.
--------
DOCKING REQUEST:
Docking request for Barjavel Station sent.
--------
DOCKING REQUEST GRANTED:
Your request to dock at Barjavel Station has been approved.  Please proceed to landing pad 15.
--------
DOCKING REQUEST RETRACTED:
You have cancelled your docking request to Barjavel Station.
--------
DOCKING REQUEST:
Docking request for Barjavel Station sent.
--------
DOCKING REQUEST GRANTED:
Your request to dock at Barjavel Station has been approved.  Please proceed to landing pad 3.
--------
DOCKING REQUEST RETRACTED:
You have cancelled your docking request to Barjavel Station.
--------
DOCKING REQUEST:
Docking request for Barjavel Station sent.
--------
DOCKING REQUEST GRANTED:
Your request to dock at Barjavel Station has been approved.  Please proceed to landing pad 5.
--------
DOCKED:
Station: Barjavel Station (Coriolis)
System: HIP 33368
Economy: Industrial
Faction: Privateer's Alliance
Faction state: Boom
Government: Confederacy
--------
SHIP REFUELED:
You purchased 0.44 tons of fuel for 22cr.
--------
COMPONENT REPAIRED:
You repaired your Not set for a cost of 987cr.
--------
SHIP SWAPPED:
You traded your Not set for Fer-de-Lance
Your Not set was sold.
--------
LOGGED IN AT 20:11 ON January 21, 2017:
Welcome back, Cmdr. EclipzeX.  
You have logged into Solo mode.
You are currently piloting your Fer-de-Lance named Not set.  
You have 269027849cr.
--------
PROGRESS REPORT:
Combat: 12%
Trade: 12%
Exploration: 52%
Federation: 100%
Empire: 0%
Arena: 0%
--------
UNDOCKED:
You have undocked from Not set.
--------
JUMPING:
You are jumping to the Lyncis Sector MH-V b2-0 system.
Coordinates: -23.25,55.781,-160.563
--------
JUMPED: 
You have jumped into the Lyncis Sector MH-V b2-0 system.

Coordinates: -23.25,55.781,-160.563
Security: Low
Economy: None
Government: None
Allegiance: None
Controlling Faction: Not set
Faction state: None

This jump used 1.59 tons of fuel.  You have 80.08% fuel remaining.
Your fuel level is adequate.
--------
SHIP REFUELED:
You scooped 1.20 tons of fuel.  Your fuel level is 95.08%.
--------
JUMPING:
You are jumping to the HIP 33368 system.
Coordinates: -29.25,63.188,-163.344
--------
JUMPED: 
You have jumped into the HIP 33368 system.

Coordinates: -29.25,63.188,-163.344
Security: Medium
Economy: Industrial
Government: Confederacy
Allegiance: Independent
Controlling Faction: Privateer's Alliance
Faction state: Boom

This jump used 1.59 tons of fuel.  You have 75.20% fuel remaining.
Your fuel level is adequate.
--------
SHIP REFUELED:
You scooped 1.98 tons of fuel.  Your fuel level is 100.00%.
--------
DROPPED TO NORMAL SPACE:
You have returned to normal space near Station Barjavel Station in the HIP 33368 system.
--------
DOCKING REQUEST:
Docking request for Barjavel Station sent.
--------
DOCKING REQUEST GRANTED:
Your request to dock at Barjavel Station has been approved.  Please proceed to landing pad 33.
--------
DOCKED:
Station: Barjavel Station (Coriolis)
System: HIP 33368
Economy: Industrial
Faction: Privateer's Alliance
Faction state: Boom
Government: Confederacy
--------
UNDOCKED:
You have undocked from Not set.
--------
JUMPING:
You are jumping to the Lyncis Sector LH-V b2-2 system.
Coordinates: -35.594,66.25,-161.938
--------
JUMPED: 
You have jumped into the Lyncis Sector LH-V b2-2 system.

Coordinates: -35.594,66.25,-161.938
Security: Low
Economy: None
Government: None
Allegiance: None
Controlling Faction: Not set
Faction state: None

This jump used 0.76 tons of fuel.  You have 90.54% fuel remaining.
Your fuel level is adequate.
--------
SHIP REFUELED:
You scooped 0.76 tons of fuel.  Your fuel level is 100.00%.
--------
JUMPING:
You are jumping to the HIP 33368 system.
Coordinates: -29.25,63.188,-163.344
--------
JUMPED: 
You have jumped into the HIP 33368 system.

Coordinates: -29.25,63.188,-163.344
Security: Medium
Economy: Industrial
Government: Confederacy
Allegiance: Independent
Controlling Faction: Privateer's Alliance
Faction state: Boom

This jump used 0.76 tons of fuel.  You have 90.54% fuel remaining.
Your fuel level is adequate.
--------
SHIP REFUELED:
You scooped 0.76 tons of fuel.  Your fuel level is 100.00%.
--------
DROPPED TO NORMAL SPACE:
You have returned to normal space near Station Barjavel Station in the HIP 33368 system.
--------
DOCKING REQUEST:
Docking request for Barjavel Station sent.
--------
DOCKING REQUEST GRANTED:
Your request to dock at Barjavel Station has been approved.  Please proceed to landing pad 33.
--------
DOCKED:
Station: Barjavel Station (Coriolis)
System: HIP 33368
Economy: Industrial
Faction: Privateer's Alliance
Faction state: Boom
Government: Confederacy
--------
SHIP REFUELED:
You purchased 0.28 tons of fuel for 14cr.
--------
UNDOCKED:
You have undocked from Not set.
--------
JUMPING:
You are jumping to the Lyncis Sector CQ-Y c5 system.
Coordinates: -36.75,66.25,-168.938
--------
JUMPED: 
You have jumped into the Lyncis Sector CQ-Y c5 system.

Coordinates: -36.75,66.25,-168.938
Security: Low
Economy: None
Government: None
Allegiance: None
Controlling Faction: Not set
Faction state: None

This jump used 1.56 tons of fuel.  You have 80.47% fuel remaining.
Your fuel level is adequate.
--------
SHIP REFUELED:
You scooped 1.42 tons of fuel.  Your fuel level is 98.15%.
--------
JUMPING:
You are jumping to the HIP 33368 system.
Coordinates: -29.25,63.188,-163.344
--------
JUMPED: 
You have jumped into the HIP 33368 system.

Coordinates: -29.25,63.188,-163.344
Security: Medium
Economy: Industrial
Government: Confederacy
Allegiance: Independent
Controlling Faction: Privateer's Alliance
Faction state: Boom

This jump used 1.56 tons of fuel.  You have 78.63% fuel remaining.
Your fuel level is adequate.
--------
SHIP REFUELED:
You scooped 1.47 tons of fuel.  Your fuel level is 97.00%.
--------
DROPPED TO NORMAL SPACE:
You have returned to normal space near Station Barjavel Station in the HIP 33368 system.
--------
DOCKING REQUEST:
Docking request for Barjavel Station sent.
--------
DOCKING REQUEST GRANTED:
Your request to dock at Barjavel Station has been approved.  Please proceed to landing pad 8.
--------
DOCKED:
Station: Barjavel Station (Coriolis)
System: HIP 33368
Economy: Industrial
Faction: Privateer's Alliance
Faction state: Boom
Government: Confederacy
--------
SHIP REFUELED:
You purchased 0.55 tons of fuel for 29cr.
--------
MISSION ACCEPTED:
You have accepted the mission titled "Ram Tah Appeal for Ancient Data" from the faction Meene.
System: Not set
Mission ID: Not set
--------
MISSION ACCEPTED:
You have accepted the mission titled "Mission_Courier_Boom" from the faction HIP 33368 Resistance.
System: Not set
Mission ID: 75464910
--------
MISSION ABANDONED:
You have abanded the mission titled "Mission_Courier_Boom_name".
Mission ID: 75464910
--------
UNDOCKED:
You have undocked from Not set.
--------
JUMPING:
You are jumping to the HIP 32135 system.
Coordinates: -34.969,58.969,-168.625
--------
JUMPED: 
You have jumped into the HIP 32135 system.

Coordinates: -34.969,58.969,-168.625
Security: Low
Economy: Terraforming
Government: Confederacy
Allegiance: Independent
Controlling Faction: Privateer's Alliance
Faction state: Boom

This jump used 1.22 tons of fuel.  You have 84.69% fuel remaining.
Your fuel level is adequate.
--------
SHIP REFUELED:
You scooped 1.22 tons of fuel.  Your fuel level is 100.00%.
--------
JUMPING:
You are jumping to the HIP 33368 system.
Coordinates: -29.25,63.188,-163.344
--------
JUMPED: 
You have jumped into the HIP 33368 system.

Coordinates: -29.25,63.188,-163.344
Security: Medium
Economy: Industrial
Government: Confederacy
Allegiance: Independent
Controlling Faction: Privateer's Alliance
Faction state: Boom

This jump used 1.22 tons of fuel.  You have 84.70% fuel remaining.
Your fuel level is adequate.
--------
SHIP REFUELED:
You scooped 0.63 tons of fuel.  Your fuel level is 92.54%.
--------
DROPPED TO NORMAL SPACE:
You have returned to normal space near Station Barjavel Station in the HIP 33368 system.
--------
DOCKING REQUEST:
Docking request for Barjavel Station sent.
--------
DOCKING REQUEST GRANTED:
Your request to dock at Barjavel Station has been approved.  Please proceed to landing pad 41.
--------
DOCKED:
Station: Barjavel Station (Coriolis)
System: HIP 33368
Economy: Industrial
Faction: Privateer's Alliance
Faction state: Boom
Government: Confederacy
--------
LOGGED IN AT 22:33 ON January 21, 2017:
Welcome back, Cmdr. EclipzeX.  
You have logged into Solo mode.
You are currently piloting your Fer-de-Lance named Pointy.  
You have 269027806cr.
--------
PROGRESS REPORT:
Combat: 12%
Trade: 12%
Exploration: 52%
Federation: 100%
Empire: 0%
Arena: 0%
--------
UNDOCKED:
You have undocked from Not set.
--------
DOCKING REQUEST:
Docking request for Barjavel Station sent.
--------
DOCKING REQUEST GRANTED:
Your request to dock at Barjavel Station has been approved.  Please proceed to landing pad 35.
--------
DOCKING REQUEST RETRACTED:
You have cancelled your docking request to Barjavel Station.
--------
DOCKING REQUEST:
Docking request for Barjavel Station sent.
--------
DOCKING REQUEST GRANTED:
Your request to dock at Barjavel Station has been approved.  Please proceed to landing pad 8.
--------
DOCKING REQUEST RETRACTED:
You have cancelled your docking request to Barjavel Station.
--------
DOCKING REQUEST:
Docking request for Barjavel Station sent.
--------
DOCKING REQUEST GRANTED:
Your request to dock at Barjavel Station has been approved.  Please proceed to landing pad 45.
--------
DOCKING REQUEST RETRACTED:
You have cancelled your docking request to Barjavel Station.
--------
DOCKING REQUEST:
Docking request for Barjavel Station sent.
--------
DOCKING REQUEST GRANTED:
Your request to dock at Barjavel Station has been approved.  Please proceed to landing pad 7.
--------
DOCKING REQUEST RETRACTED:
You have cancelled your docking request to Barjavel Station.
--------
DOCKING REQUEST:
Docking request for Barjavel Station sent.
--------
DOCKING REQUEST GRANTED:
Your request to dock at Barjavel Station has been approved.  Please proceed to landing pad 30.
--------
DOCKING REQUEST RETRACTED:
You have cancelled your docking request to Barjavel Station.
--------
DOCKING REQUEST:
Docking request for Barjavel Station sent.
--------
DOCKING REQUEST GRANTED:
Your request to dock at Barjavel Station has been approved.  Please proceed to landing pad 15.
--------
DOCKING REQUEST RETRACTED:
You have cancelled your docking request to Barjavel Station.
--------
DOCKING REQUEST:
Docking request for Barjavel Station sent.
--------
DOCKING REQUEST GRANTED:
Your request to dock at Barjavel Station has been approved.  Please proceed to landing pad 11.
--------
DOCKING REQUEST RETRACTED:
You have cancelled your docking request to Barjavel Station.
--------
DOCKING REQUEST:
Docking request for Barjavel Station sent.
--------
DOCKING REQUEST GRANTED:
Your request to dock at Barjavel Station has been approved.  Please proceed to landing pad 38.
--------
DOCKED:
Station: Barjavel Station (Coriolis)
System: HIP 33368
Economy: Industrial
Faction: Privateer's Alliance
Faction state: Boom
Government: Confederacy
--------
LOGGED IN AT 12:58 ON January 22, 2017:
Welcome back, Cmdr. EclipzeX.  
You have logged into Solo mode.
You are currently piloting your Fer-de-Lance named Pointy.  
You have 269027806cr.
--------
PROGRESS REPORT:
Combat: 12%
Trade: 12%
Exploration: 52%
Federation: 100%
Empire: 0%
Arena: 0%
--------
LOGGED IN AT 13:00 ON January 22, 2017:
Welcome back, Cmdr. EclipzeX.  
You have logged into Solo mode.
You are currently piloting your Fer-de-Lance named Pointy.  
You have 269027806cr.
--------
PROGRESS REPORT:
Combat: 12%
Trade: 12%
Exploration: 52%
Federation: 100%
Empire: 0%
Arena: 0%
--------
LOGGED IN AT 17:21 ON January 23, 2017:
Welcome back, Cmdr. EclipzeX.  
You have logged into Solo mode.
You are currently piloting your Fer-de-Lance named Pointy.  
You have 269027806cr.
--------
PROGRESS REPORT:
Combat: 12%
Trade: 12%
Exploration: 52%
Federation: 100%
Empire: 0%
Arena: 0%
--------
LOGGED IN AT 17:23 ON January 23, 2017:
Welcome back, Cmdr. EclipzeX.  
You have logged into Solo mode.
You are currently piloting your Fer-de-Lance named Pointy.  
You have 269027806cr.
--------
PROGRESS REPORT:
Combat: 12%
Trade: 12%
Exploration: 52%
Federation: 100%
Empire: 0%
Arena: 0%
--------
LOGGED IN AT 17:36 ON January 23, 2017:
Welcome back, Cmdr. EclipzeX.  
You have logged into Solo mode.
You are currently piloting your Fer-de-Lance named Pointy.  
You have 269027806cr.
--------
PROGRESS REPORT:
Combat: 12%
Trade: 12%
Exploration: 52%
Federation: 100%
Empire: 0%
Arena: 0%
--------
UNDOCKED:
You have undocked from Not set.
--------
ENTERED SUPERCRUISE:
You have jumped to supercruise in the HIP 33368 system.
--------
DROPPED TO NORMAL SPACE:
You have returned to normal space near PlanetaryRing HIP 33368 6 B Ring in the HIP 33368 system.
--------
SHIELDS DOWN:
Your shields are down.
--------
HULL DAMAGE RECEIVED:
You have received damage to your hull.  Hull integrity at 80%.
--------
HULL DAMAGE RECEIVED:
You have received damage to your hull.  Hull integrity at 56%.
--------
BOUNTY AWARDED:
You recieved a bounty of 169230cr for killing Anaconda of the Not set faction.  This bounty was shared with your wing.
--------
SHIELDS UP:
Your shields are back up.
--------
MATERIAL COLLECTED:
You have collected 3 units of Unexpected Emission Data.
--------
BOUNTY AWARDED:
You recieved a bounty of 16170cr for killing Eagle of the Not set faction.  This bounty was shared with your wing.
--------
MATERIAL COLLECTED:
You have collected 3 units of Distorted Shield Cycle Recordings.
--------
MATERIAL COLLECTED:
You have collected 3 units of Distorted Shield Cycle Recordings.
--------
BOUNTY AWARDED:
You recieved a bounty of 20400cr for killing Adder of the Not set faction.  This bounty was shared with your wing.
--------
BOUNTY AWARDED:
You recieved a bounty of 38692cr for killing Cobra Mk. III of the Not set faction.  This bounty was shared with your wing.
--------
MATERIAL COLLECTED:
You have collected 3 units of Untypical Shield Scans.
--------
LOGGED IN AT 21:04 ON January 23, 2017:
Welcome back, Cmdr. EclipzeX.  
You have logged into Solo mode.
You are currently piloting your Fer-de-Lance named Pointy.  
You have 269027806cr.
--------
PROGRESS REPORT:
Combat: 14%
Trade: 12%
Exploration: 52%
Federation: 100%
Empire: 0%
Arena: 0%
--------
LOCATION REPORT:
You are in the HIP 33368 system near HIP 33368 6 B Ring.

Coordinates: -29.25,63.1875,-163.34375
Security: Medium
Economy: Industrial
Government: Confederacy
Allegiance: Independent
Controlling Faction: Privateer's Alliance
Body Type: Not set
--------
ENTERED SUPERCRUISE:
You have jumped to supercruise in the HIP 33368 system.
--------
AVOIDED INTERDICTION:
You escaped interdiction by Colin Sayers.
Combat rating: Not set
Power: Not set
Faction: Not set
Player Character: False
--------
DROPPED TO NORMAL SPACE:
You have returned to normal space near Station Barjavel Station in the HIP 33368 system.
--------
DOCKING REQUEST:
Docking request for Barjavel Station sent.
--------
DOCKING REQUEST GRANTED:
Your request to dock at Barjavel Station has been approved.  Please proceed to landing pad 35.
--------
DOCKED:
Station: Barjavel Station (Coriolis)
System: HIP 33368
Economy: Industrial
Faction: Privateer's Alliance
Faction state: Boom
Government: Confederacy
--------
SHIP REFUELED:
You purchased 1.56 tons of fuel for 79cr.
--------
COMPONENT REPAIRED:
You repaired your Not set for a cost of 32307cr.
--------
SHIP SWAPPED:
You traded your Not set for Asp Explorer
Your Not set was sold.
--------
COMMODITY PURCHASED:
You have purchased 2 tons of Food Cartridges at Not setcr per ton.  Total cost: 54cr.
--------
COMMODITY SOLD:
Commodity: Food Cartridges
Amount: 2 tons
Price per unit: 21cr
Profit per unit: -6cr
Transaction total: 23cr
Total profit: Not setcr
Stolen: Not set
Illegal: Not set
--------
UNDOCKED:
You have undocked from Not set.
--------
JUMPING:
You are jumping to the Kuan Yin system.
Coordinates: -20.531,61.25,-140.969
--------
JUMPED: 
You have jumped into the Kuan Yin system.

Coordinates: -20.531,61.25,-140.969
Security: Medium
Economy: Industrial
Government: Democracy
Allegiance: Independent
Controlling Faction: Kuan Yin Labour
Faction state: Retreat

This jump used 2.22 tons of fuel.  You have 93.06% fuel remaining.
Your fuel level is adequate
--------
SHIP REFUELED:
You scooped 2.22 tons of fuel.  Your fuel level is 100.00%.
--------
JUMPING:
You are jumping to the HIP 37162 system.
Coordinates: -8.938,59.5,-116.375
--------
JUMPED: 
You have jumped into the HIP 37162 system.

Coordinates: -8.938,59.5,-116.375
Security: Medium
Economy: High Tech
Government: Corporate
Allegiance: Federation
Controlling Faction: HIP 37162 Interstellar
Faction state: Boom

This jump used 3.00 tons of fuel.  You have 90.62% fuel remaining.
Your fuel level is adequate
--------
SHIP REFUELED:
You scooped 2.56 tons of fuel.  Your fuel level is 98.60%.
--------
JUMPING:
You are jumping to the Ngandii system.
Coordinates: -7.063,66.281,-99.688
--------
JUMPED: 
You have jumped into the Ngandii system.

Coordinates: -7.063,66.281,-99.688
Security: Medium
Economy: Industrial
Government: Democracy
Allegiance: Independent
Controlling Faction: Ngandii Progressive Party
Faction state: Boom

This jump used 1.10 tons of fuel.  You have 95.17% fuel remaining.
Your fuel level is adequate
--------
SHIP REFUELED:
You scooped 1.55 tons of fuel.  Your fuel level is 100.00%.
--------
JUMPING:
You are jumping to the HIP 44324 system.
Coordinates: -19.688,95.438,-105.406
--------
JUMPED: 
You have jumped into the HIP 44324 system.

Coordinates: -19.688,95.438,-105.406
Security: Low
Economy: None
Government: None
Allegiance: None
Controlling Faction: Not set
Faction state: None

This jump used 4.55 tons of fuel.  You have 85.78% fuel remaining.
Your fuel level is adequate
--------
SHIP REFUELED:
You scooped 4.55 tons of fuel.  Your fuel level is 100.00%.
--------
JUMPING:
You are jumping to the HIP 43630 system.
Coordinates: -38.656,108.688,-124.813
--------
JUMPED: 
You have jumped into the HIP 43630 system.

Coordinates: -38.656,108.688,-124.813
Security: Low
Economy: None
Government: None
Allegiance: None
Controlling Faction: Not set
Faction state: None

This jump used 3.86 tons of fuel.  You have 87.93% fuel remaining.
Your fuel level is adequate
--------
SHIP REFUELED:
You scooped 3.86 tons of fuel.  Your fuel level is 100.00%.
--------
JUMPING:
You are jumping to the HR 3506 system.
Coordinates: -58.563,124.438,-141.844
--------
JUMPED: 
You have jumped into the HR 3506 system.

Coordinates: -58.563,124.438,-141.844
Security: Low
Economy: None
Government: None
Allegiance: None
Controlling Faction: Not set
Faction state: None

This jump used 3.98 tons of fuel.  You have 87.56% fuel remaining.
Your fuel level is adequate
--------
SHIP REFUELED:
You scooped 3.98 tons of fuel.  Your fuel level is 100.00%.
--------
BODY SCANNED:
Scan results for HR 3506 1:
Class: Sudarsky class III gas giant
Distance from arrival: 764.52 ls
Atmosphere: 
Surface Gravity: 5.83G
Surface Temperature: 376.19 °F
Tidally Locked: False
Terraform State: 
Landable: False
Volcanism: 
Eccentricity: 0.0006
Orbital Inclination: 0.24°
Orbital Period: 673.57 days
Rotational Period: 1.19 days
Periapsis: 298.79°
Pressure: 0 atm
Semi-major axis: 1.53 AU
---------
BODY SCANNED:
Scan results for HR 3506 4:
Class: Sudarsky class III gas giant
Distance from arrival: 1874.77 ls
Atmosphere: 
Surface Gravity: 8.43G
Surface Temperature: 298.51 °F
Tidally Locked: False
Terraform State: 
Landable: False
Volcanism: 
Eccentricity: 0.0053
Orbital Inclination: -0.87°
Orbital Period: 2587.54 days
Rotational Period: 0.62 days
Periapsis: 347.97°
Pressure: 0 atm
Semi-major axis: 3.76 AU
---------
MESSAGE SENT:
You have sent a message to Tigizoo.
MESSAGE: There is a button on the HOTAS that controls reverse.  Thanks for the heads up.... o7
--------
BODY SCANNED:
Scan results for HR 3506 1 a:
Class: Rocky body
Distance from arrival: 760.99 ls
Atmosphere: 
Surface Gravity: 0.16G
Surface Temperature: 183.82 °F
Tidally Locked: True
Terraform State: 
Landable: True
Volcanism: 
Eccentricity: 0.0000
Orbital Inclination: -0.12°
Orbital Period: 4.49 days
Rotational Period: 4.49 days
Periapsis: 25.94°
Pressure: 0 atm
Semi-major axis: 0.01 AU
---------
BODY SCANNED:
Scan results for HR 3506 3:
Class: Sudarsky class III gas giant
Distance from arrival: 1382.49 ls
Atmosphere: 
Surface Gravity: 5.11G
Surface Temperature: 184.13 °F
Tidally Locked: False
Terraform State: 
Landable: False
Volcanism: 
Eccentricity: 0.0022
Orbital Inclination: 0.01°
Orbital Period: 1637.42 days
Rotational Period: 0.49 days
Periapsis: 62.80°
Pressure: 0 atm
Semi-major axis: 2.77 AU
---------
BODY SCANNED:
Scan results for HR 3506 2:
Class: Sudarsky class III gas giant
Distance from arrival: 1127.25 ls
Atmosphere: 
Surface Gravity: 11.77G
Surface Temperature: 579.38 °F
Tidally Locked: False
Terraform State: 
Landable: False
Volcanism: 
Eccentricity: 0.0034
Orbital Inclination: 0.50°
Orbital Period: 1212.53 days
Rotational Period: 0.84 days
Periapsis: 348.88°
Pressure: 0 atm
Semi-major axis: 2.27 AU
---------
BODY SCANNED:
Scan results for HR 3506 2 g:
Class: Icy body
Distance from arrival: 1133.99 ls
Atmosphere: hot thick water atmosphere
Surface Gravity: 0.16G
Surface Temperature: 3091.64 °F
Tidally Locked: True
Terraform State: 
Landable: False
Volcanism: 
Eccentricity: 0
Orbital Inclination: -80.07°
Orbital Period: 62.84 days
Rotational Period: 62.84 days
Periapsis: 224.93°
Pressure: 25225.35 atm
Semi-major axis: 0.05 AU
---------
STAR SCANNED:
Scan results for HR 3506:
Class F
Solar Mass: 1.0430
Temperature: 11175.80 °F
Age: 1.664 billion years
Luminosity: 7.49
Absolute magnatude: 2.64
Chromaticity: white
Distance from arrival: 0 ls
Eccentricity: 0
Orbital inclination: 0°
Orbital period: 0 days
Periapsis: 0°
Radius: 488254.71 miles
Rotational period: 4.48 days
Semi-major axis: 0 AU

Probabilities:
Age: 100%
Mass: 10%
Radius: 48%
Temperature: 30%
--------
BODY SCANNED:
Scan results for HR 3506 1 c:
Class: Rocky body
Distance from arrival: 753.45 ls
Atmosphere: 
Surface Gravity: 0.19G
Surface Temperature: 165.73 °F
Tidally Locked: True
Terraform State: 
Landable: True
Volcanism: 
Eccentricity: 0.0000
Orbital Inclination: -1.46°
Orbital Period: 25.01 days
Rotational Period: 25.01 days
Periapsis: 329.62°
Pressure: 0 atm
Semi-major axis: 0.02 AU
---------
BODY SCANNED:
Scan results for HR 3506 1 b:
Class: Rocky body
Distance from arrival: 770.05 ls
Atmosphere: 
Surface Gravity: 0.16G
Surface Temperature: 173.01 °F
Tidally Locked: True
Terraform State: 
Landable: True
Volcanism: 
Eccentricity: 0.0009
Orbital Inclination: -2.80°
Orbital Period: 11.09 days
Rotational Period: 11.09 days
Periapsis: 68.44°
Pressure: 0 atm
Semi-major axis: 0.01 AU
---------
BODY SCANNED:
Scan results for HR 3506 2 a:
Class: Rocky body
Distance from arrival: 1126.18 ls
Atmosphere: 
Surface Gravity: 0.07G
Surface Temperature: 161.35 °F
Tidally Locked: True
Terraform State: 
Landable: True
Volcanism: minor metallic magma volcanism
Eccentricity: 0.0001
Orbital Inclination: -0.15°
Orbital Period: 1.27 days
Rotational Period: 1.27 days
Periapsis: 9.60°
Pressure: 0 atm
Semi-major axis: 0.00 AU
---------
BODY SCANNED:
Scan results for HR 3506 2 d:
Class: Rocky body
Distance from arrival: 1126.36 ls
Atmosphere: 
Surface Gravity: 0.08G
Surface Temperature: 122.58 °F
Tidally Locked: True
Terraform State: 
Landable: True
Volcanism: 
Eccentricity: 0.0004
Orbital Inclination: -0.01°
Orbital Period: 3.82 days
Rotational Period: 3.82 days
Periapsis: 358.21°
Pressure: 0 atm
Semi-major axis: 0.01 AU
---------
BODY SCANNED:
Scan results for HR 3506 2 b:
Class: Rocky body
Distance from arrival: 1127.76 ls
Atmosphere: 
Surface Gravity: 0.08G
Surface Temperature: 135.07 °F
Tidally Locked: False
Terraform State: 
Landable: True
Volcanism: major silicate vapour geysers volcanism
Eccentricity: 0.1707
Orbital Inclination: -7.85°
Orbital Period: 0.39 days
Rotational Period: 0.43 days
Periapsis: 306.11°
Pressure: 0 atm
Semi-major axis: 0.00 AU
---------
JUMPING:
You are jumping to the Lyncis Sector IM-V b2-2 system.
Coordinates: -52.719,94.063,-145.531
--------
JUMPED: 
You have jumped into the Lyncis Sector IM-V b2-2 system.

Coordinates: -52.719,94.063,-145.531
Security: Low
Economy: None
Government: None
Allegiance: None
Controlling Faction: Not set
Faction state: None

This jump used 4.15 tons of fuel.  You have 85.06% fuel remaining.
Your fuel level is adequate
--------
SHIP REFUELED:
You scooped 3.27 tons of fuel.  Your fuel level is 95.28%.
--------
JUMPING:
You are jumping to the Agarahma system.
Coordinates: -40.125,73.469,-154.156
--------
JUMPED: 
You have jumped into the Agarahma system.

Coordinates: -40.125,73.469,-154.156
Security: Medium
Economy: Refinery
Government: Democracy
Allegiance: Independent
Controlling Faction: People's Agarahma Progressive Party
Faction state: None

This jump used 2.56 tons of fuel.  You have 87.28% fuel remaining.
Your fuel level is adequate
--------
SHIP REFUELED:
You scooped 4.07 tons of fuel.  Your fuel level is 100.00%.
--------
JUMPING:
You are jumping to the HIP 33368 system.
Coordinates: -29.25,63.188,-163.344
--------
JUMPED: 
You have jumped into the HIP 33368 system.

Coordinates: -29.25,63.188,-163.344
Security: Medium
Economy: Industrial
Government: Confederacy
Allegiance: Independent
Controlling Faction: Privateer's Alliance
Faction state: Boom

This jump used 1.02 tons of fuel.  You have 96.80% fuel remaining.
Your fuel level is adequate
--------
SHIP REFUELED:
You scooped 1.02 tons of fuel.  Your fuel level is 100.00%.
--------
AVOIDED INTERDICTION:
You escaped interdiction by Aiyana.
Combat rating: Not set
Power: Not set
Faction: Not set
Player Character: False
--------
DROPPED TO NORMAL SPACE:
You have returned to normal space near Station Barjavel Station in the HIP 33368 system.
--------
DOCKING REQUEST:
Docking request for Barjavel Station sent.
--------
DOCKING REQUEST GRANTED:
Your request to dock at Barjavel Station has been approved.  Please proceed to landing pad 45.
--------
DOCKED:
Station: Barjavel Station (Coriolis)
System: HIP 33368
Economy: Industrial
Faction: Privateer's Alliance
Faction state: Boom
Government: Confederacy
--------
